0 info it worked if it ends with ok
1 verbose cli [ '/Users/alyssacipriano/.nvm/versions/node/v6.13.1/bin/node',
1 verbose cli   '/Users/alyssacipriano/.nvm/versions/node/v6.13.1/bin/npm',
1 verbose cli   'run',
1 verbose cli   'build' ]
2 info using npm@3.10.10
3 info using node@v6.13.1
4 verbose run-script [ 'prebuild', 'build', 'postbuild' ]
5 info lifecycle challenge_3@1.0.0~prebuild: challenge_3@1.0.0
6 silly lifecycle challenge_3@1.0.0~prebuild: no script for prebuild, continuing
7 info lifecycle challenge_3@1.0.0~build: challenge_3@1.0.0
8 verbose lifecycle challenge_3@1.0.0~build: unsafe-perm in lifecycle true
9 verbose lifecycle challenge_3@1.0.0~build: PATH: /Users/alyssacipriano/.nvm/versions/node/v6.13.1/lib/node_modules/npm/bin/node-gyp-bin:/Users/alyssacipriano/Desktop/rpt12-mini-apps-1/challenge_3/node_modules/.bin:/Users/alyssacipriano/.nvm/versions/node/v6.13.1/bin:/usr/local/opt/mysql@5.7/bin:/usr/local/opt/mysql@5.7/bin:/usr/local/opt/mysql@5.7/bin:/Users/alyssacipriano/.rbenv/shims:/usr/local/bin:/usr/bin:/bin:/usr/sbin:/sbin:/usr/local/opt/mysql@5.7/bin:/Users/alyssacipriano/.rbenv/shims
10 verbose lifecycle challenge_3@1.0.0~build: CWD: /Users/alyssacipriano/Desktop/rpt12-mini-apps-1/challenge_3
11 silly lifecycle challenge_3@1.0.0~build: Args: [ '-c',
11 silly lifecycle   './nodule_modules/.bin/babel client --watch --out-dir public --presets=@babel/preset-react --source-maps inline' ]
12 info lifecycle challenge_3@1.0.0~build: Failed to exec build script
13 verbose stack Error: challenge_3@1.0.0 build: `./nodule_modules/.bin/babel client --watch --out-dir public --presets=@babel/preset-react --source-maps inline`
13 verbose stack spawn ENOENT
13 verbose stack     at ChildProcess.<anonymous> (/Users/alyssacipriano/.nvm/versions/node/v6.13.1/lib/node_modules/npm/lib/utils/spawn.js:33:16)
13 verbose stack     at emitTwo (events.js:106:13)
13 verbose stack     at ChildProcess.emit (events.js:191:7)
13 verbose stack     at maybeClose (internal/child_process.js:920:16)
13 verbose stack     at Process.ChildProcess._handle.onexit (internal/child_process.js:230:5)
14 verbose pkgid challenge_3@1.0.0
15 verbose cwd /Users/alyssacipriano/Desktop/rpt12-mini-apps-1/challenge_3
16 error Darwin 18.2.0
17 error argv "/Users/alyssacipriano/.nvm/versions/node/v6.13.1/bin/node" "/Users/alyssacipriano/.nvm/versions/node/v6.13.1/bin/npm" "run" "build"
18 error node v6.13.1
19 error npm  v3.10.10
20 error file sh
21 error code ELIFECYCLE
22 error errno ENOENT
23 error syscall spawn
24 error challenge_3@1.0.0 build: `./nodule_modules/.bin/babel client --watch --out-dir public --presets=@babel/preset-react --source-maps inline`
24 error spawn ENOENT
25 error Failed at the challenge_3@1.0.0 build script './nodule_modules/.bin/babel client --watch --out-dir public --presets=@babel/preset-react --source-maps inline'.
25 error Make sure you have the latest version of node.js and npm installed.
25 error If you do, this is most likely a problem with the challenge_3 package,
25 error not with npm itself.
25 error Tell the author that this fails on your system:
25 error     ./nodule_modules/.bin/babel client --watch --out-dir public --presets=@babel/preset-react --source-maps inline
25 error You can get information on how to open an issue for this project with:
25 error     npm bugs challenge_3
25 error Or if that isn't available, you can get their info via:
25 error     npm owner ls challenge_3
25 error There is likely additional logging output above.
26 verbose exit [ 1, true ]
